#
# A fatal error has been detected by the Java Runtime Environment:
#
#  EXCEPTION_ACCESS_VIOLATION (0xc0000005) at pc=0x00007ff82f965356, pid=7832, tid=11528
#
# JRE version: Java(TM) SE Runtime Environment (11.0.3+12) (build 11.0.3+12-LTS)
# Java VM: Java HotSpot(TM) 64-Bit Server VM (11.0.3+12-LTS, mixed mode, tiered, compressed oops, g1 gc, windows-amd64)
# Problematic frame:
# V  [jvm.dll+0x625356]
#
# No core dump will be written. Minidumps are not enabled by default on client versions of Windows
#
# If you would like to submit a bug report, please visit:
#   http://bugreport.java.com/bugreport/crash.jsp
#

---------------  S U M M A R Y ------------

Command Line: -Dcom.sun.management.jmxremote -Dcom.sun.management.jmxremote.port=52539 -Dcom.sun.management.jmxremote.authenticate=false -Dcom.sun.management.jmxremote.ssl=false -Djava.rmi.server.hostname=localhost -Dspring.jmx.enabled=true -Dspring.application.admin.enabled=true -Xverify:none -XX:TieredStopAtLevel=1 -Dfile.encoding=Cp1252 com.uacc.drs.DrsApiApplication --spring.output.ansi.enabled=always

Host: Intel(R) Core(TM) i3-7100U CPU @ 2.40GHz, 4 cores, 5G,  Windows 10 , 64 bit Build 17763 (10.0.17763.475)
Time: Wed Jul 31 12:21:26 2019 India Standard Time elapsed time: 2 seconds (0d 0h 0m 2s)

---------------  T H R E A D  ---------------

Current thread (0x0000019a3d35c800):  GCTaskThread "GC Thread#0" [stack: 0x000000152d700000,0x000000152d800000] [id=11528]

Stack: [0x000000152d700000,0x000000152d800000],  sp=0x000000152d7fe480,  free space=1017k
Native frames: (J=compiled Java code, j=interpreted, Vv=VM code, C=native code)
V  [jvm.dll+0x625356]
V  [jvm.dll+0x5ea329]
V  [jvm.dll+0x2e2e35]
V  [jvm.dll+0x2e28b9]
V  [jvm.dll+0x736817]
V  [jvm.dll+0x736c80]
V  [jvm.dll+0x32a155]
V  [jvm.dll+0x329c58]
V  [jvm.dll+0x2f5e00]
V  [jvm.dll+0x7a56d0]
V  [jvm.dll+0x6348c2]
C  [ucrtbase.dll+0x21ffa]
C  [KERNEL32.DLL+0x17974]
C  [ntdll.dll+0x6a271]

JavaThread 0x0000019a5d976800 (nid = 7400) was being processed
Java frames: (J=compiled Java code, j=interpreted, Vv=VM code)
j  java.net.PlainSocketImpl.accept0(I[Ljava/net/InetSocketAddress;)I+0 java.base@11.0.3
j  java.net.PlainSocketImpl.socketAccept(Ljava/net/SocketImpl;)V+37 java.base@11.0.3
j  java.net.AbstractPlainSocketImpl.accept(Ljava/net/SocketImpl;)V+7 java.base@11.0.3
j  java.net.ServerSocket.implAccept(Ljava/net/Socket;)V+60 java.base@11.0.3
j  java.net.ServerSocket.accept()Ljava/net/Socket;+48 java.base@11.0.3
j  sun.rmi.transport.tcp.TCPTransport$AcceptLoop.executeAcceptLoop()V+42 java.rmi@11.0.3
j  sun.rmi.transport.tcp.TCPTransport$AcceptLoop.run()V+1 java.rmi@11.0.3
j  java.lang.Thread.run()V+11 java.base@11.0.3
v  ~StubRoutines::call_stub

siginfo: EXCEPTION_ACCESS_VIOLATION (0xc0000005), reading address 0x0000000800000017


Register to memory mapping:

RIP=0x00007ff82f965356 jvm.dll
RAX=0x0000000800000007 is an unknown value
RBX=0x0000000000001002 is an unknown value
RCX=0x0000000000000002 is an unknown value
RDX=0x000000152d7fe510 points into unknown readable memory: 58 67 8e 5e 9a 01 00 00
RSP=0x000000152d7fe480 points into unknown readable memory: 28 03 00 00 00 00 00 00
RBP=0x000000000000002a is an unknown value
RSI={method} {0x0000019a5e8e6760} 'executeAcceptLoop' '()V' in 'sun/rmi/transport/tcp/TCPTransport$AcceptLoop'
RDI=0x0000000000001002 is an unknown value
R8 =0x000000000000002a is an unknown value
R9 =0x000000152d7fe628 points into unknown readable memory: 00 00 00 00 00 00 00 00
R10=0x0000019a5e8e6548 is pointing into metadata
R11=0x00000000a6c0fd70 is an oop: java.lang.Class 
{0x00000000a6c0fd70} - klass: 'java/lang/Class'
R12=0x000000152d7fe628 points into unknown readable memory: 00 00 00 00 00 00 00 00
R13=0x00000000000003d8 is an unknown value
R14=0x0000019a5d93e0d0 points into unknown readable memory: 07 00 00 00 08 00 00 00
R15=0x000000152d7fe510 points into unknown readable memory: 58 67 8e 5e 9a 01 00 00


Registers:
RAX=0x0000000800000007, RBX=0x0000000000001002, RCX=0x0000000000000002, RDX=0x000000152d7fe510
RSP=0x000000152d7fe480, RBP=0x000000000000002a, RSI=0x0000019a5e8e6758, RDI=0x0000000000001002
R8 =0x000000000000002a, R9 =0x000000152d7fe628, R10=0x0000019a5e8e6548, R11=0x00000000a6c0fd70
R12=0x000000152d7fe628, R13=0x00000000000003d8, R14=0x0000019a5d93e0d0, R15=0x000000152d7fe510
RIP=0x00007ff82f965356, EFLAGS=0x0000000000010202

Top of Stack: (sp=0x000000152d7fe480)
0x000000152d7fe480:   0000000000000328 0000019a5e8c8cf0
0x000000152d7fe490:   0000000000000000 0000019a5dba3280
0x000000152d7fe4a0:   000000152d7fe7f0 00000000000003d8
0x000000152d7fe4b0:   0000019a5dba3280 0000019a5dba3208
0x000000152d7fe4c0:   000000000000002a 000000000000002a
0x000000152d7fe4d0:   0000019a5e8e6758 000000152d7fe630
0x000000152d7fe4e0:   000000152d7fe628 00007ff82f92a329
0x000000152d7fe4f0:   000000152d7fe628 000000152d7fe630
0x000000152d7fe500:   0000019a5e8e6758 000000152d7fe628
0x000000152d7fe510:   0000019a5e8e6758 0000019a3d35c800
0x000000152d7fe520:   0000019a5dba3280 00007ff82f622e35
0x000000152d7fe530:   000000152d7fe7f0 000000152d7fe7c0
0x000000152d7fe540:   000000152d7fe630 0000019a5dba3280
0x000000152d7fe550:   0000000000000001 0000019a5e8e6758
0x000000152d7fe560:   0000019a3d35c800 00007ff800000006
0x000000152d7fe570:   0000019a3d35c800 0000000000000003 

Instructions: (pc=0x00007ff82f965356)
0x00007ff82f965336:   24 70 48 89 77 10 8b fb 66 90 8b c7 25 1f 00 00
0x00007ff82f965346:   80 7d 07 ff c8 83 c8 e0 ff c0 48 63 c8 49 8b 06
0x00007ff82f965356:   48 8b 14 c8 48 85 d2 74 15 48 8b 02 48 85 c0 74
0x00007ff82f965366:   0d 49 3b 07 75 08 0f b7 42 08 3b c5 74 79 ff c7 


Stack slot to memory mapping:
stack at sp + 0 slots: 0x0000000000000328 is an unknown value
stack at sp + 1 slots: {method} {0x0000019a5e8c8cf8} 'accept' '()Ljava/net/Socket;' in 'java/net/ServerSocket'
stack at sp + 2 slots: 0x0 is NULL
stack at sp + 3 slots: 0x0000019a5dba3280 points into unknown readable memory: d0 1b bc 2f f8 7f 00 00
stack at sp + 4 slots: 0x000000152d7fe7f0 points into unknown readable memory: a8 df 6f 2d 15 00 00 00
stack at sp + 5 slots: 0x00000000000003d8 is an unknown value
stack at sp + 6 slots: 0x0000019a5dba3280 points into unknown readable memory: d0 1b bc 2f f8 7f 00 00
stack at sp + 7 slots: 0x0000019a5dba3208 points into unknown readable memory: e0 1b bc 2f f8 7f 00 00


---------------  P R O C E S S  ---------------

Threads class SMR info:
_java_thread_list=0x0000019a5da8ce70, length=14, elements={
0x0000019a3d34b000, 0x0000019a5c259800, 0x0000019a5c265800, 0x0000019a5c27a800,
0x0000019a5c27c000, 0x0000019a5c27e800, 0x0000019a5c284800, 0x0000019a5c1ef800,
0x0000019a5cd87800, 0x0000019a5cd88800, 0x0000019a5cdff800, 0x0000019a5d976800,
0x0000019a5da20800, 0x0000019a5da1b000
}

Java Threads: ( => current thread )
  0x0000019a3d34b000 JavaThread "main" [_thread_blocked, id=12796, stack(0x000000152d600000,0x000000152d700000)]
  0x0000019a5c259800 JavaThread "Reference Handler" daemon [_thread_blocked, id=9356, stack(0x000000152dd00000,0x000000152de00000)]
  0x0000019a5c265800 JavaThread "Finalizer" daemon [_thread_blocked, id=6524, stack(0x000000152de00000,0x000000152df00000)]
  0x0000019a5c27a800 JavaThread "Signal Dispatcher" daemon [_thread_blocked, id=1864, stack(0x000000152df00000,0x000000152e000000)]
  0x0000019a5c27c000 JavaThread "Attach Listener" daemon [_thread_blocked, id=8400, stack(0x000000152e000000,0x000000152e100000)]
  0x0000019a5c27e800 JavaThread "C1 CompilerThread0" daemon [_thread_blocked, id=2368, stack(0x000000152e100000,0x000000152e200000)]
  0x0000019a5c284800 JavaThread "Sweeper thread" daemon [_thread_blocked, id=5456, stack(0x000000152e200000,0x000000152e300000)]
  0x0000019a5c1ef800 JavaThread "Common-Cleaner" daemon [_thread_blocked, id=10556, stack(0x000000152e300000,0x000000152e400000)]
  0x0000019a5cd87800 JavaThread "C1 CompilerThread1" daemon [_thread_blocked, id=12444, stack(0x000000152e400000,0x000000152e500000)]
  0x0000019a5cd88800 JavaThread "C1 CompilerThread2" daemon [_thread_blocked, id=12268, stack(0x000000152e500000,0x000000152e600000)]
  0x0000019a5cdff800 JavaThread "Service Thread" daemon [_thread_blocked, id=12000, stack(0x000000152e600000,0x000000152e700000)]
  0x0000019a5d976800 JavaThread "RMI TCP Accept-0" daemon [_thread_in_native, id=7400, stack(0x000000152e800000,0x000000152e900000)]
  0x0000019a5da20800 JavaThread "RMI TCP Accept-52539" daemon [_thread_in_native, id=8092, stack(0x000000152e900000,0x000000152ea00000)]
  0x0000019a5da1b000 JavaThread "RMI TCP Accept-0" daemon [_thread_in_native, id=12584, stack(0x000000152ea00000,0x000000152eb00000)]

Other Threads:
  0x0000019a5c232800 VMThread "VM Thread" [stack: 0x000000152dc00000,0x000000152dd00000] [id=10160]
  0x0000019a5d944800 WatcherThread [stack: 0x000000152eb00000,0x000000152ec00000] [id=7600]
=>0x0000019a3d35c800 GCTaskThread "GC Thread#0" [stack: 0x000000152d700000,0x000000152d800000] [id=11528]
  0x0000019a5d79c800 GCTaskThread "GC Thread#1" [stack: 0x000000152e700000,0x000000152e800000] [id=1236]
  0x0000019a3d382800 ConcurrentGCThread "G1 Main Marker" [stack: 0x000000152d800000,0x000000152d900000] [id=9644]
  0x0000019a3d384800 ConcurrentGCThread "G1 Conc#0" [stack: 0x000000152d900000,0x000000152da00000] [id=1524]
  0x0000019a3d3f5800 ConcurrentGCThread "G1 Refine#0" [stack: 0x000000152da00000,0x000000152db00000] [id=8244]
  0x0000019a3d3f6800 ConcurrentGCThread "G1 Young RemSet Sampling" [stack: 0x000000152db00000,0x000000152dc00000] [id=1696]

Threads with active compile tasks:

VM state:at safepoint (normal execution)

VM Mutex/Monitor currently owned by a thread:  ([mutex/lock_event])
[0x0000019a3d347320] Threads_lock - owner thread: 0x0000019a5c232800
[0x0000019a3d349060] Heap_lock - owner thread: 0x0000019a3d34b000

Heap address: 0x00000000a2000000, size: 1504 MB, Compressed Oops mode: 32-bit
Narrow klass base: 0x0000000000000000, Narrow klass shift: 3
Compressed class space size: 1073741824 Address: 0x0000000100000000

Heap:
 garbage-first heap   total 96256K, used 29394K [0x00000000a2000000, 0x0000000100000000)
  region size 1024K, 17 young (17408K), 1 survivors (1024K)
 Metaspace       used 14015K, capacity 14355K, committed 14464K, reserved 1062912K
  class space    used 1492K, capacity 1641K, committed 1664K, reserved 1048576K
Heap Regions: E=young(eden), S=young(survivor), O=old, HS=humongous(starts), HC=humongous(continues), CS=collection set, F=free, A=archive, TAMS=top-at-mark-start (previous, next)
|   0|0x00000000a2000000, 0x00000000a2100000, 0x00000000a2100000|100%| O|  |TAMS 0x00000000a2000000, 0x00000000a2000000| Untracked 
|   1|0x00000000a2100000, 0x00000000a2200000, 0x00000000a2200000|100%| O|  |TAMS 0x00000000a2100000, 0x00000000a2100000| Untracked 
|   2|0x00000000a2200000, 0x00000000a2300000, 0x00000000a2300000|100%| O|  |TAMS 0x00000000a2200000, 0x00000000a2200000| Untracked 
|   3|0x00000000a2300000, 0x00000000a2400000, 0x00000000a2400000|100%| O|  |TAMS 0x00000000a2300000, 0x00000000a2300000| Untracked 
|   4|0x00000000a2400000, 0x00000000a2500000, 0x00000000a2500000|100%| O|  |TAMS 0x00000000a2400000, 0x00000000a2400000| Untracked 
|   5|0x00000000a2500000, 0x00000000a2600000, 0x00000000a2600000|100%| O|  |TAMS 0x00000000a2500000, 0x00000000a2500000| Untracked 
|   6|0x00000000a2600000, 0x00000000a2700000, 0x00000000a2700000|100%| O|  |TAMS 0x00000000a2600000, 0x00000000a2600000| Untracked 
|   7|0x00000000a2700000, 0x00000000a2800000, 0x00000000a2800000|100%| O|  |TAMS 0x00000000a2700000, 0x00000000a2700000| Untracked 
|   8|0x00000000a2800000, 0x00000000a2900000, 0x00000000a2900000|100%| O|  |TAMS 0x00000000a2800000, 0x00000000a2800000| Untracked 
|   9|0x00000000a2900000, 0x00000000a2a00000, 0x00000000a2a00000|100%| O|  |TAMS 0x00000000a2900000, 0x00000000a2900000| Untracked 
|  10|0x00000000a2a00000, 0x00000000a2b00000, 0x00000000a2b00000|100%| O|  |TAMS 0x00000000a2a00000, 0x00000000a2a00000| Untracked 
|  11|0x00000000a2b00000, 0x00000000a2bb4800, 0x00000000a2c00000| 70%| O|  |TAMS 0x00000000a2b00000, 0x00000000a2b00000| Untracked 
|  12|0x00000000a2c00000, 0x00000000a2c00000, 0x00000000a2d00000|  0%| F|  |TAMS 0x00000000a2c00000, 0x00000000a2c00000| Untracked 
|  13|0x00000000a2d00000, 0x00000000a2d00000, 0x00000000a2e00000|  0%| F|  |TAMS 0x00000000a2d00000, 0x00000000a2d00000| Untracked 
|  14|0x00000000a2e00000, 0x00000000a2e00000, 0x00000000a2f00000|  0%| F|  |TAMS 0x00000000a2e00000, 0x00000000a2e00000| Untracked 
|  15|0x00000000a2f00000, 0x00000000a2f00000, 0x00000000a3000000|  0%| F|  |TAMS 0x00000000a2f00000, 0x00000000a2f00000| Untracked 
|  16|0x00000000a3000000, 0x00000000a3000000, 0x00000000a3100000|  0%| F|  |TAMS 0x00000000a3000000, 0x00000000a3000000| Untracked 
|  17|0x00000000a3100000, 0x00000000a3100000, 0x00000000a3200000|  0%| F|  |TAMS 0x00000000a3100000, 0x00000000a3100000| Untracked 
|  18|0x00000000a3200000, 0x00000000a3200000, 0x00000000a3300000|  0%| F|  |TAMS 0x00000000a3200000, 0x00000000a3200000| Untracked 
|  19|0x00000000a3300000, 0x00000000a3300000, 0x00000000a3400000|  0%| F|  |TAMS 0x00000000a3300000, 0x00000000a3300000| Untracked 
|  20|0x00000000a3400000, 0x00000000a3400000, 0x00000000a3500000|  0%| F|  |TAMS 0x00000000a3400000, 0x00000000a3400000| Untracked 
|  21|0x00000000a3500000, 0x00000000a3500000, 0x00000000a3600000|  0%| F|  |TAMS 0x00000000a3500000, 0x00000000a3500000| Untracked 
|  22|0x00000000a3600000, 0x00000000a3600000, 0x00000000a3700000|  0%| F|  |TAMS 0x00000000a3600000, 0x00000000a3600000| Untracked 
|  23|0x00000000a3700000, 0x00000000a3700000, 0x00000000a3800000|  0%| F|  |TAMS 0x00000000a3700000, 0x00000000a3700000| Untracked 
|  24|0x00000000a3800000, 0x00000000a3800000, 0x00000000a3900000|  0%| F|  |TAMS 0x00000000a3800000, 0x00000000a3800000| Untracked 
|  25|0x00000000a3900000, 0x00000000a3900000, 0x00000000a3a00000|  0%| F|  |TAMS 0x00000000a3900000, 0x00000000a3900000| Untracked 
|  26|0x00000000a3a00000, 0x00000000a3a00000, 0x00000000a3b00000|  0%| F|  |TAMS 0x00000000a3a00000, 0x00000000a3a00000| Untracked 
|  27|0x00000000a3b00000, 0x00000000a3b00000, 0x00000000a3c00000|  0%| F|  |TAMS 0x00000000a3b00000, 0x00000000a3b00000| Untracked 
|  28|0x00000000a3c00000, 0x00000000a3c00000, 0x00000000a3d00000|  0%| F|  |TAMS 0x00000000a3c00000, 0x00000000a3c00000| Untracked 
|  29|0x00000000a3d00000, 0x00000000a3d00000, 0x00000000a3e00000|  0%| F|  |TAMS 0x00000000a3d00000, 0x00000000a3d00000| Untracked 
|  30|0x00000000a3e00000, 0x00000000a3e00000, 0x00000000a3f00000|  0%| F|  |TAMS 0x00000000a3e00000, 0x00000000a3e00000| Untracked 
|  31|0x00000000a3f00000, 0x00000000a3f00000, 0x00000000a4000000|  0%| F|  |TAMS 0x00000000a3f00000, 0x00000000a3f00000| Untracked 
|  32|0x00000000a4000000, 0x00000000a4000000, 0x00000000a4100000|  0%| F|  |TAMS 0x00000000a4000000, 0x00000000a4000000| Untracked 
|  33|0x00000000a4100000, 0x00000000a4100000, 0x00000000a4200000|  0%| F|  |TAMS 0x00000000a4100000, 0x00000000a4100000| Untracked 
|  34|0x00000000a4200000, 0x00000000a4200000, 0x00000000a4300000|  0%| F|  |TAMS 0x00000000a4200000, 0x00000000a4200000| Untracked 
|  35|0x00000000a4300000, 0x00000000a4300000, 0x00000000a4400000|  0%| F|  |TAMS 0x00000000a4300000, 0x00000000a4300000| Untracked 
|  36|0x00000000a4400000, 0x00000000a4400000, 0x00000000a4500000|  0%| F|  |TAMS 0x00000000a4400000, 0x00000000a4400000| Untracked 
|  37|0x00000000a4500000, 0x00000000a4500000, 0x00000000a4600000|  0%| F|  |TAMS 0x00000000a4500000, 0x00000000a4500000| Untracked 
|  38|0x00000000a4600000, 0x00000000a4600000, 0x00000000a4700000|  0%| F|  |TAMS 0x00000000a4600000, 0x00000000a4600000| Untracked 
|  39|0x00000000a4700000, 0x00000000a4700000, 0x00000000a4800000|  0%| F|  |TAMS 0x00000000a4700000, 0x00000000a4700000| Untracked 
|  40|0x00000000a4800000, 0x00000000a4800000, 0x00000000a4900000|  0%| F|  |TAMS 0x00000000a4800000, 0x00000000a4800000| Untracked 
|  41|0x00000000a4900000, 0x00000000a4900000, 0x00000000a4a00000|  0%| F|  |TAMS 0x00000000a4900000, 0x00000000a4900000| Untracked 
|  42|0x00000000a4a00000, 0x00000000a4a00000, 0x00000000a4b00000|  0%| F|  |TAMS 0x00000000a4a00000, 0x00000000a4a00000| Untracked 
|  43|0x00000000a4b00000, 0x00000000a4b00000, 0x00000000a4c00000|  0%| F|  |TAMS 0x00000000a4b00000, 0x00000000a4b00000| Untracked 
|  44|0x00000000a4c00000, 0x00000000a4c00000, 0x00000000a4d00000|  0%| F|  |TAMS 0x00000000a4c00000, 0x00000000a4c00000| Untracked 
|  45|0x00000000a4d00000, 0x00000000a4d00000, 0x00000000a4e00000|  0%| F|  |TAMS 0x00000000a4d00000, 0x00000000a4d00000| Untracked 
|  46|0x00000000a4e00000, 0x00000000a4e00000, 0x00000000a4f00000|  0%| F|  |TAMS 0x00000000a4e00000, 0x00000000a4e00000| Untracked 
|  47|0x00000000a4f00000, 0x00000000a4f00000, 0x00000000a5000000|  0%| F|  |TAMS 0x00000000a4f00000, 0x00000000a4f00000| Untracked 
|  48|0x00000000a5000000, 0x00000000a5000000, 0x00000000a5100000|  0%| F|  |TAMS 0x00000000a5000000, 0x00000000a5000000| Untracked 
|  49|0x00000000a5100000, 0x00000000a5100000, 0x00000000a5200000|  0%| F|  |TAMS 0x00000000a5100000, 0x00000000a5100000| Untracked 
|  50|0x00000000a5200000, 0x00000000a5200000, 0x00000000a5300000|  0%| F|  |TAMS 0x00000000a5200000, 0x00000000a5200000| Untracked 
|  51|0x00000000a5300000, 0x00000000a5300000, 0x00000000a5400000|  0%| F|  |TAMS 0x00000000a5300000, 0x00000000a5300000| Untracked 
|  52|0x00000000a5400000, 0x00000000a5400000, 0x00000000a5500000|  0%| F|  |TAMS 0x00000000a5400000, 0x00000000a5400000| Untracked 
|  53|0x00000000a5500000, 0x00000000a5500000, 0x00000000a5600000|  0%| F|  |TAMS 0x00000000a5500000, 0x00000000a5500000| Untracked 
|  54|0x00000000a5600000, 0x00000000a5600000, 0x00000000a5700000|  0%| F|  |TAMS 0x00000000a5600000, 0x00000000a5600000| Untracked 
|  55|0x00000000a5700000, 0x00000000a5700000, 0x00000000a5800000|  0%| F|  |TAMS 0x00000000a5700000, 0x00000000a5700000| Untracked 
|  56|0x00000000a5800000, 0x00000000a5800000, 0x00000000a5900000|  0%| F|  |TAMS 0x00000000a5800000, 0x00000000a5800000| Untracked 
|  57|0x00000000a5900000, 0x00000000a5900000, 0x00000000a5a00000|  0%| F|  |TAMS 0x00000000a5900000, 0x00000000a5900000| Untracked 
|  58|0x00000000a5a00000, 0x00000000a5a00000, 0x00000000a5b00000|  0%| F|  |TAMS 0x00000000a5a00000, 0x00000000a5a00000| Untracked 
|  59|0x00000000a5b00000, 0x00000000a5b00000, 0x00000000a5c00000|  0%| F|  |TAMS 0x00000000a5b00000, 0x00000000a5b00000| Untracked 
|  60|0x00000000a5c00000, 0x00000000a5c00000, 0x00000000a5d00000|  0%| F|  |TAMS 0x00000000a5c00000, 0x00000000a5c00000| Untracked 
|  61|0x00000000a5d00000, 0x00000000a5d00000, 0x00000000a5e00000|  0%| F|  |TAMS 0x00000000a5d00000, 0x00000000a5d00000| Untracked 
|  62|0x00000000a5e00000, 0x00000000a5e00000, 0x00000000a5f00000|  0%| F|  |TAMS 0x00000000a5e00000, 0x00000000a5e00000| Untracked 
|  63|0x00000000a5f00000, 0x00000000a5f00000, 0x00000000a6000000|  0%| F|  |TAMS 0x00000000a5f00000, 0x00000000a5f00000| Untracked 
|  64|0x00000000a6000000, 0x00000000a6000000, 0x00000000a6100000|  0%| F|  |TAMS 0x00000000a6000000, 0x00000000a6000000| Untracked 
|  65|0x00000000a6100000, 0x00000000a6100000, 0x00000000a6200000|  0%| F|  |TAMS 0x00000000a6100000, 0x00000000a6100000| Untracked 
|  66|0x00000000a6200000, 0x00000000a6200000, 0x00000000a6300000|  0%| F|  |TAMS 0x00000000a6200000, 0x00000000a6200000| Untracked 
|  67|0x00000000a6300000, 0x00000000a6300000, 0x00000000a6400000|  0%| F|  |TAMS 0x00000000a6300000, 0x00000000a6300000| Untracked 
|  68|0x00000000a6400000, 0x00000000a6400000, 0x00000000a6500000|  0%| F|  |TAMS 0x00000000a6400000, 0x00000000a6400000| Untracked 
|  69|0x00000000a6500000, 0x00000000a6500000, 0x00000000a6600000|  0%| F|  |TAMS 0x00000000a6500000, 0x00000000a6500000| Untracked 
|  70|0x00000000a6600000, 0x00000000a6600000, 0x00000000a6700000|  0%| F|  |TAMS 0x00000000a6600000, 0x00000000a6600000| Untracked 
|  71|0x00000000a6700000, 0x00000000a6700000, 0x00000000a6800000|  0%| F|  |TAMS 0x00000000a6700000, 0x00000000a6700000| Untracked 
|  72|0x00000000a6800000, 0x00000000a6800000, 0x00000000a6900000|  0%| F|  |TAMS 0x00000000a6800000, 0x00000000a6800000| Untracked 
|  73|0x00000000a6900000, 0x00000000a6900000, 0x00000000a6a00000|  0%| F|  |TAMS 0x00000000a6900000, 0x00000000a6900000| Untracked 
|  74|0x00000000a6a00000, 0x00000000a6a00000, 0x00000000a6b00000|  0%| F|  |TAMS 0x00000000a6a00000, 0x00000000a6a00000| Untracked 
|  75|0x00000000a6b00000, 0x00000000a6b00000, 0x00000000a6c00000|  0%| F|  |TAMS 0x00000000a6b00000, 0x00000000a6b00000| Untracked 
|  76|0x00000000a6c00000, 0x00000000a6d00000, 0x00000000a6d00000|100%| S|  |TAMS 0x00000000a6c00000, 0x00000000a6c00000| Complete 
|  77|0x00000000a6d00000, 0x00000000a6e00000, 0x00000000a6e00000|100%| E|CS|TAMS 0x00000000a6d00000, 0x00000000a6d00000| Complete 
|  78|0x00000000a6e00000, 0x00000000a6f00000, 0x00000000a6f00000|100%| E|CS|TAMS 0x00000000a6e00000, 0x00000000a6e00000| Complete 
|  79|0x00000000a6f00000, 0x00000000a7000000, 0x00000000a7000000|100%| E|CS|TAMS 0x00000000a6f00000, 0x00000000a6f00000| Complete 
|  80|0x00000000a7000000, 0x00000000a7100000, 0x00000000a7100000|100%| E|CS|TAMS 0x00000000a7000000, 0x00000000a7000000| Complete 
|  81|0x00000000a7100000, 0x00000000a7200000, 0x00000000a7200000|100%| E|CS|TAMS 0x00000000a7100000, 0x00000000a7100000| Complete 
|  82|0x00000000a7200000, 0x00000000a7300000, 0x00000000a7300000|100%| E|CS|TAMS 0x00000000a7200000, 0x00000000a7200000| Complete 
|  83|0x00000000a7300000, 0x00000000a7400000, 0x00000000a7400000|100%| E|CS|TAMS 0x00000000a7300000, 0x00000000a7300000| Complete 
|  84|0x00000000a7400000, 0x00000000a7500000, 0x00000000a7500000|100%| E|CS|TAMS 0x00000000a7400000, 0x00000000a7400000| Complete 
|  85|0x00000000a7500000, 0x00000000a7600000, 0x00000000a7600000|100%| E|CS|TAMS 0x00000000a7500000, 0x00000000a7500000| Complete 
|  86|0x00000000a7600000, 0x00000000a7700000, 0x00000000a7700000|100%| E|CS|TAMS 0x00000000a7600000, 0x00000000a7600000| Complete 
|  87|0x00000000a7700000, 0x00000000a7800000, 0x00000000a7800000|100%| E|CS|TAMS 0x00000000a7700000, 0x00000000a7700000| Complete 
|  88|0x00000000a7800000, 0x00000000a7900000, 0x00000000a7900000|100%| E|CS|TAMS 0x00000000a7800000, 0x00000000a7800000| Complete 
|  89|0x00000000a7900000, 0x00000000a7a00000, 0x00000000a7a00000|100%| E|CS|TAMS 0x00000000a7900000, 0x00000000a7900000| Complete 
|  90|0x00000000a7a00000, 0x00000000a7b00000, 0x00000000a7b00000|100%| E|CS|TAMS 0x00000000a7a00000, 0x00000000a7a00000| Complete 
|  91|0x00000000a7b00000, 0x00000000a7c00000, 0x00000000a7c00000|100%| E|CS|TAMS 0x00000000a7b00000, 0x00000000a7b00000| Complete 
|  92|0x00000000a7c00000, 0x00000000a7d00000, 0x00000000a7d00000|100%| E|CS|TAMS 0x00000000a7c00000, 0x00000000a7c00000| Complete 
|  93|0x00000000a7d00000, 0x00000000a7e00000, 0x00000000a7e00000|100%| E|CS|TAMS 0x00000000a7d00000, 0x00000000a7d00000| Complete 

Card table byte_map: [0x0000019a56780000,0x0000019a56a70000] _byte_map_base: 0x0000019a56270000

Marking Bits (Prev, Next): (CMBitMap*) 0x0000019a3d37ba48, (CMBitMap*) 0x0000019a3d37ba80
 Prev Bits: [0x0000019a56d60000, 0x0000019a584e0000)
 Next Bits: [0x0000019a584e0000, 0x0000019a59c60000)

Polling page: 0x0000019a3d160000

Metaspace:

Usage:
  Non-class:     12.42 MB capacity,    12.23 MB ( 98%) used,   158.43 KB (  1%) free+waste,    32.44 KB ( <1%) overhead. 
      Class:      1.60 MB capacity,     1.46 MB ( 91%) used,   132.48 KB (  8%) free+waste,    16.00 KB ( <1%) overhead. 
       Both:     14.02 MB capacity,    13.69 MB ( 98%) used,   290.91 KB (  2%) free+waste,    48.44 KB ( <1%) overhead. 

Virtual space:
  Non-class space:       14.00 MB reserved,      12.50 MB ( 89%) committed 
      Class space:        1.00 GB reserved,       1.63 MB ( <1%) committed 
             Both:        1.01 GB reserved,      14.13 MB (  1%) committed 

Chunk freelists:
   Non-Class:  2.75 KB
       Class:  2.88 KB
        Both:  5.63 KB

CodeHeap 'non-profiled nmethods': size=238912Kb used=2044Kb max_used=2044Kb free=236867Kb
 bounds [0x0000019a47520000, 0x0000019a47790000, 0x0000019a55e70000]
CodeHeap 'non-nmethods': size=6848Kb used=2231Kb max_used=2231Kb free=4616Kb
 bounds [0x0000019a46e70000, 0x0000019a470e0000, 0x0000019a47520000]
 total_blobs=1791 nmethods=1361 adapters=339
 compilation: enabled
              stopped_count=0, restarted_count=0
 full_count=0

Compilation events (10 events):
Event: 2.020 Thread 0x0000019a5cd87800 1357   !   1       org.springframework.util.ConcurrentReferenceHashMap$Segment::restructureIfNecessary (367 bytes)
Event: 2.020 Thread 0x0000019a5c27e800 1358       1       org.springframework.util.ConcurrentReferenceHashMap$ReferenceManager::pollForPurge (11 bytes)
Event: 2.020 Thread 0x0000019a5c27e800 nmethod 1358 0x0000019a4771b590 code [0x0000019a4771b760, 0x0000019a4771bab0]
Event: 2.021 Thread 0x0000019a5cd88800 1359       1       sun.reflect.generics.visitor.Reifier::getFactory (5 bytes)
Event: 2.021 Thread 0x0000019a5cd88800 nmethod 1359 0x0000019a4771bc10 code [0x0000019a4771bdc0, 0x0000019a4771bed8]
Event: 2.022 Thread 0x0000019a5c27e800 1360       1       sun.reflect.generics.tree.SimpleClassTypeSignature::getTypeArguments (5 bytes)
Event: 2.022 Thread 0x0000019a5c27e800 nmethod 1360 0x0000019a4771bf90 code [0x0000019a4771c140, 0x0000019a4771c258]
Event: 2.022 Thread 0x0000019a5cd88800 1361       1       java.util.jar.JarFile::getVersionedEntry (85 bytes)
Event: 2.022 Thread 0x0000019a5cd87800 nmethod 1357 0x0000019a4771c310 code [0x0000019a4771c620, 0x0000019a4771d7e0]
Event: 2.023 Thread 0x0000019a5cd88800 nmethod 1361 0x0000019a4771e710 code [0x0000019a4771e960, 0x0000019a4771ef70]

GC Heap History (5 events):
Event: 0.638 GC heap before
{Heap before GC invocations=0 (full 0):
 garbage-first heap   total 96256K, used 13312K [0x00000000a2000000, 0x0000000100000000)
  region size 1024K, 14 young (14336K), 0 survivors (0K)
 Metaspace       used 6087K, capacity 6174K, committed 6272K, reserved 1056768K
  class space    used 541K, capacity 567K, committed 640K, reserved 1048576K
}
Event: 0.646 GC heap after
{Heap after GC invocations=1 (full 0):
 garbage-first heap   total 96256K, used 11352K [0x00000000a2000000, 0x0000000100000000)
  region size 1024K, 2 young (2048K), 2 survivors (2048K)
 Metaspace       used 6087K, capacity 6174K, committed 6272K, reserved 1056768K
  class space    used 541K, capacity 567K, committed 640K, reserved 1048576K
}
Event: 1.550 GC heap before
{Heap before GC invocations=1 (full 0):
 garbage-first heap   total 96256K, used 17496K [0x00000000a2000000, 0x0000000100000000)
  region size 1024K, 8 young (8192K), 2 survivors (2048K)
 Metaspace       used 11517K, capacity 11772K, committed 11904K, reserved 1060864K
  class space    used 1216K, capacity 1307K, committed 1408K, reserved 1048576K
}
Event: 1.557 GC heap after
{Heap after GC invocations=2 (full 0):
 garbage-first heap   total 96256K, used 13010K [0x00000000a2000000, 0x0000000100000000)
  region size 1024K, 1 young (1024K), 1 survivors (1024K)
 Metaspace       used 11517K, capacity 11772K, committed 11904K, reserved 1060864K
  class space    used 1216K, capacity 1307K, committed 1408K, reserved 1048576K
}
Event: 2.025 GC heap before
{Heap before GC invocations=2 (full 0):
 garbage-first heap   total 96256K, used 29394K [0x00000000a2000000, 0x0000000100000000)
  region size 1024K, 17 young (17408K), 1 survivors (1024K)
 Metaspace       used 14015K, capacity 14355K, committed 14464K, reserved 1062912K
  class space    used 1492K, capacity 1641K, committed 1664K, reserved 1048576K
}

Deoptimization events (0 events):
No events

Classes redefined (0 events):
No events

Internal exceptions (10 events):
Event: 1.287 Thread 0x0000019a3d34b000 Exception <a 'java/lang/NoSuchMethodError'{0x00000000a7829f90}: java.lang.invoke.DirectMethodHandle$Holder.invokeStaticInit(Ljava/lang/Object;IIII)Ljava/lang/Object;> (0x00000000a7829f90) thrown at [t:/workspace/open/src/hotspot/share/interpreter/linkReso
Event: 1.502 Thread 0x0000019a3d34b000 Exception <a 'java/lang/NoSuchMethodError'{0x00000000a78489a0}: java.lang.invoke.DirectMethodHandle$Holder.invokeStatic(Ljava/lang/Object;Ljava/lang/Object;IIII)Ljava/lang/Object;> (0x00000000a78489a0) thrown at [t:/workspace/open/src/hotspot/share/interp
Event: 1.502 Thread 0x0000019a3d34b000 Exception <a 'java/lang/NoSuchMethodError'{0x00000000a784bce8}: java.lang.invoke.DirectMethodHandle$Holder.invokeStaticInit(Ljava/lang/Object;Ljava/lang/Object;IIII)Ljava/lang/Object;> (0x00000000a784bce8) thrown at [t:/workspace/open/src/hotspot/share/in
Event: 1.512 Thread 0x0000019a3d34b000 Exception <a 'java/lang/ClassNotFoundException'{0x00000000a7869740}: javax/management/remote/rmi/RMIServerImpl_Skel> (0x00000000a7869740) thrown at [t:/workspace/open/src/hotspot/share/classfile/systemDictionary.cpp, line 231]
Event: 1.561 Thread 0x0000019a3d34b000 Exception <a 'java/lang/ClassNotFoundException'{0x00000000a7d0b340}: jdk/internal/agent/resources/spi/agentProvider> (0x00000000a7d0b340) thrown at [t:/workspace/open/src/hotspot/share/classfile/systemDictionary.cpp, line 231]
Event: 1.570 Thread 0x0000019a3d34b000 Exception <a 'java/lang/NoSuchMethodError'{0x00000000a7d615b0}: java.lang.invoke.DirectMethodHandle$Holder.invokeStatic(Ljava/lang/Object;Ljava/lang/Object;Ljava/lang/Object;Ljava/lang/Object;Ljava/lang/Object;Ljava/lang/Object;Ljava/lang/Object;Ljava/lan
Event: 1.571 Thread 0x0000019a3d34b000 Exception <a 'java/lang/NoSuchMethodError'{0x00000000a7d6df70}: java.lang.invoke.DirectMethodHandle$Holder.invokeStatic(Ljava/lang/Object;Ljava/lang/Object;Ljava/lang/Object;Ljava/lang/Object;Ljava/lang/Object;Ljava/lang/Object;Ljava/lang/Object;Ljava/lan
Event: 1.762 Thread 0x0000019a3d34b000 Exception <a 'java/lang/ClassNotFoundException'{0x00000000a7ab2558}: javax/smartcardio/CardPermission> (0x00000000a7ab2558) thrown at [t:/workspace/open/src/hotspot/share/classfile/systemDictionary.cpp, line 231]
Event: 1.781 Thread 0x0000019a3d34b000 Exception <a 'java/io/FileNotFoundException'{0x00000000a7ac0c40}> (0x00000000a7ac0c40) thrown at [t:/workspace/open/src/hotspot/share/prims/jni.cpp, line 615]
Event: 1.922 Thread 0x0000019a3d34b000 Exception <a 'java/lang/NoSuchMethodError'{0x00000000a7226500}: java.lang.invoke.DirectMethodHandle$Holder.invokeStaticInit(Ljava/lang/Object;Ljava/lang/Object;)I> (0x00000000a7226500) thrown at [t:/workspace/open/src/hotspot/share/interpreter/linkResolve

Events (10 events):
Event: 2.024 loading class org/zeroturnaround/javarebel/Integration done
Event: 2.024 loading class org/zeroturnaround/javarebel$Integration
Event: 2.024 loading class org/zeroturnaround/javarebel$Integration done
Event: 2.025 loading class org/zeroturnaround/javarebel/ReloaderFactory
Event: 2.025 loading class org/zeroturnaround/javarebel/ReloaderFactory done
Event: 2.025 loading class org/zeroturnaround/javarebel$ReloaderFactory
Event: 2.025 loading class org/zeroturnaround/javarebel$ReloaderFactory done
Event: 2.025 loading class org/hotswap/agent/HotswapAgent
Event: 2.025 loading class org/hotswap/agent/HotswapAgent done
Event: 2.025 Executing VM operation: G1CollectForAllocation


Dynamic libraries:
0x00007ff6d6670000 - 0x00007ff6d66b7000 	C:\Program Files\Java\jdk-11.0.3\bin\javaw.exe
0x00007ff86b560000 - 0x00007ff86b74d000 	C:\Windows\SYSTEM32\ntdll.dll
0x00007ff86af90000 - 0x00007ff86b043000 	C:\Windows\System32\KERNEL32.DLL
0x00007ff8678d0000 - 0x00007ff867b63000 	C:\Windows\System32\KERNELBASE.dll
0x00007ff86b420000 - 0x00007ff86b4c3000 	C:\Windows\System32\ADVAPI32.dll
0x00007ff86a270000 - 0x00007ff86a30e000 	C:\Windows\System32\msvcrt.dll
0x00007ff86a310000 - 0x00007ff86a3ae000 	C:\Windows\System32\sechost.dll
0x00007ff868a70000 - 0x00007ff868b92000 	C:\Windows\System32\RPCRT4.dll
0x00007ff86b120000 - 0x00007ff86b2b7000 	C:\Windows\System32\USER32.dll
0x00007ff867680000 - 0x00007ff8676a0000 	C:\Windows\System32\win32u.dll
0x00007ff86abc0000 - 0x00007ff86abe9000 	C:\Windows\System32\GDI32.dll
0x00007ff8676a0000 - 0x00007ff867839000 	C:\Windows\System32\gdi32full.dll
0x00007ff867b70000 - 0x00007ff867c10000 	C:\Windows\System32\msvcp_win.dll
0x00007ff868690000 - 0x00007ff86878a000 	C:\Windows\System32\ucrtbase.dll
0x00007ff859790000 - 0x00007ff859a09000 	C:\Windows\WinSxS\amd64_microsoft.windows.common-controls_6595b64144ccf1df_6.0.17763.615_none_05b4414a072024d4\COMCTL32.dll
0x00007ff866790000 - 0x00007ff86679a000 	C:\Windows\SYSTEM32\VERSION.dll
0x00007ff86a830000 - 0x00007ff86ab5c000 	C:\Windows\System32\combase.dll
0x00007ff868380000 - 0x00007ff8683fe000 	C:\Windows\System32\bcryptPrimitives.dll
0x00007ff8687f0000 - 0x00007ff86881e000 	C:\Windows\System32\IMM32.DLL
0x00007ff85d7a0000 - 0x00007ff85d7b6000 	C:\Program Files\Java\jdk-11.0.3\bin\vcruntime140.dll
0x00007ff843210000 - 0x00007ff8432ba000 	C:\Program Files\Java\jdk-11.0.3\bin\msvcp140.dll
0x00007ff82f340000 - 0x00007ff82fe67000 	C:\Program Files\Java\jdk-11.0.3\bin\server\jvm.dll
0x00007ff86b410000 - 0x00007ff86b418000 	C:\Windows\System32\PSAPI.DLL
0x00007ff864e90000 - 0x00007ff864eb4000 	C:\Windows\SYSTEM32\WINMM.dll
0x00007ff857b30000 - 0x00007ff857b39000 	C:\Windows\SYSTEM32\WSOCK32.dll
0x00007ff86a090000 - 0x00007ff86a0fd000 	C:\Windows\System32\WS2_32.dll
0x00007ff864e60000 - 0x00007ff864e8d000 	C:\Windows\SYSTEM32\WINMMBASE.dll
0x00007ff867630000 - 0x00007ff86767a000 	C:\Windows\System32\cfgmgr32.dll
0x00007ff8675c0000 - 0x00007ff8675d1000 	C:\Windows\System32\kernel.appcore.dll
0x00007ff85dc30000 - 0x00007ff85dc41000 	C:\Program Files\Java\jdk-11.0.3\bin\verify.dll
0x00007ff865e30000 - 0x00007ff86601d000 	C:\Windows\SYSTEM32\DBGHELP.DLL
0x00007ff855ae0000 - 0x00007ff855b0a000 	C:\Windows\SYSTEM32\dbgcore.DLL
0x00007ff85a720000 - 0x00007ff85a749000 	C:\Program Files\Java\jdk-11.0.3\bin\java.dll
0x00007ff85d380000 - 0x00007ff85d396000 	C:\Program Files\Java\jdk-11.0.3\bin\zip.dll
0x00007ff8634d0000 - 0x00007ff8634da000 	C:\Program Files\Java\jdk-11.0.3\bin\jimage.dll
0x00007ff868ba0000 - 0x00007ff86a090000 	C:\Windows\System32\SHELL32.dll
0x00007ff86b2e0000 - 0x00007ff86b388000 	C:\Windows\System32\shcore.dll
0x00007ff867c30000 - 0x00007ff86837a000 	C:\Windows\System32\windows.storage.dll
0x00007ff867600000 - 0x00007ff867624000 	C:\Windows\System32\profapi.dll
0x00007ff867560000 - 0x00007ff8675bd000 	C:\Windows\System32\powrprof.dll
0x00007ff868790000 - 0x00007ff8687e2000 	C:\Windows\System32\shlwapi.dll
0x00007ff867c10000 - 0x00007ff867c27000 	C:\Windows\System32\cryptsp.dll
0x00007ff85b0f0000 - 0x00007ff85b109000 	C:\Program Files\Java\jdk-11.0.3\bin\net.dll
0x00007ff859380000 - 0x00007ff859472000 	C:\Windows\SYSTEM32\WINHTTP.dll
0x00007ff855360000 - 0x00007ff855537000 	C:\Windows\SYSTEM32\urlmon.dll
0x00007ff8560c0000 - 0x00007ff856368000 	C:\Windows\SYSTEM32\iertutil.dll
0x00007ff866fa0000 - 0x00007ff866fac000 	C:\Windows\SYSTEM32\CRYPTBASE.DLL
0x00007ff866dd0000 - 0x00007ff866e37000 	C:\Windows\system32\mswsock.dll
0x00007ff85a6c0000 - 0x00007ff85a6d3000 	C:\Program Files\Java\jdk-11.0.3\bin\nio.dll
0x00007ff85dc20000 - 0x00007ff85dc29000 	C:\Program Files\Java\jdk-11.0.3\bin\management.dll
0x00007ff85d790000 - 0x00007ff85d79c000 	C:\Program Files\Java\jdk-11.0.3\bin\management_ext.dll
0x00007ff853600000 - 0x00007ff853616000 	C:\Windows\system32\napinsp.dll
0x00007ff8535e0000 - 0x00007ff8535fa000 	C:\Windows\system32\pnrpnsp.dll
0x00007ff866b70000 - 0x00007ff866c36000 	C:\Windows\SYSTEM32\DNSAPI.dll
0x00007ff86af80000 - 0x00007ff86af88000 	C:\Windows\System32\NSI.dll
0x00007ff866b30000 - 0x00007ff866b6d000 	C:\Windows\SYSTEM32\IPHLPAPI.DLL
0x00007ff8535d0000 - 0x00007ff8535de000 	C:\Windows\System32\winrnr.dll
0x00007ff8643e0000 - 0x00007ff8643fb000 	C:\Windows\system32\NLAapi.dll
0x00007ff8535b0000 - 0x00007ff8535c5000 	C:\Windows\system32\wshbth.dll
0x00007ff85b8d0000 - 0x00007ff85b8da000 	C:\Windows\System32\rasadhlp.dll
0x00007ff8592a0000 - 0x00007ff859319000 	C:\Windows\System32\fwpuclnt.dll
0x00007ff8678a0000 - 0x00007ff8678c6000 	C:\Windows\System32\bcrypt.dll
0x00007ff866990000 - 0x00007ff8669c3000 	C:\Windows\system32\rsaenh.dll
0x00007ff867460000 - 0x00007ff867488000 	C:\Windows\SYSTEM32\USERENV.dll
0x00007ff85c120000 - 0x00007ff85c136000 	C:\Windows\SYSTEM32\dhcpcsvc6.DLL
0x00007ff85c320000 - 0x00007ff85c33c000 	C:\Windows\SYSTEM32\dhcpcsvc.DLL

dbghelp: loaded successfully - version: 4.0.5 - missing functions: none
symbol engine: initialized successfully - sym options: 0x614 - pdb path: .;C:\Program Files\Java\jdk-11.0.3\bin;C:\Windows\SYSTEM32;C:\Windows\WinSxS\amd64_microsoft.windows.common-controls_6595b64144ccf1df_6.0.17763.615_none_05b4414a072024d4;C:\Program Files\Java\jdk-11.0.3\bin\server

VM Arguments:
jvm_args: -Dcom.sun.management.jmxremote -Dcom.sun.management.jmxremote.port=52539 -Dcom.sun.management.jmxremote.authenticate=false -Dcom.sun.management.jmxremote.ssl=false -Djava.rmi.server.hostname=localhost -Dspring.jmx.enabled=true -Dspring.application.admin.enabled=true -Xverify:none -XX:TieredStopAtLevel=1 -Dfile.encoding=Cp1252 
java_command: com.uacc.drs.DrsApiApplication --spring.output.ansi.enabled=always
java_class_path (initial): D:\Project\DRS_Api\bin\main;C:\Users\PURPLEFRONT\.gradle\caches\modules-2\files-2.1\javax.ws.rs\javax.ws.rs-api\2.0\61f0983eb190954ccdede31e786a9e0bd9767c4a\javax.ws.rs-api-2.0.jar;C:\Users\PURPLEFRONT\.gradle\caches\modules-2\files-2.1\javax.xml.bind\jaxb-api\2.3.1\8531ad5ac454cc2deb9d4d32c40c4d7451939b5d\jaxb-api-2.3.1.jar;C:\Users\PURPLEFRONT\.gradle\caches\modules-2\files-2.1\com.amazonaws\aws-java-sdk\1.11.587\781a629c10d7063702c243d9bd629c0a55063bac\aws-java-sdk-1.11.587.jar;C:\Users\PURPLEFRONT\.gradle\caches\modules-2\files-2.1\org.springframework.boot\spring-boot-starter-web\2.1.6.RELEASE\8d232c9366b4ef3f5a919e48efb2228528391914\spring-boot-starter-web-2.1.6.RELEASE.jar;C:\Users\PURPLEFRONT\.gradle\caches\modules-2\files-2.1\org.springframework.boot\spring-boot-starter-data-mongodb\2.1.6.RELEASE\2474b0d70d4dc2d01ace3bfea476ef52048d679d\spring-boot-starter-data-mongodb-2.1.6.RELEASE.jar;C:\Users\PURPLEFRONT\.gradle\caches\modules-2\files-2.1\org.springframework.boot\spring-boot-configuration-processor\2.1.6.RELEASE\d9a87b5296ce6113ad50035b0c55aeb3723dfe7c\spring-boot-configuration-processor-2.1.6.RELEASE.jar;C:\Users\PURPLEFRONT\.gradle\caches\modules-2\files-2.1\org.springframework.boot\spring-boot-starter-tomcat\2.1.6.RELEASE\204079b2a82b794246fe911d29f1d9682efbd951\spring-boot-starter-tomcat-2.1.6.RELEASE.jar;C:\Users\PURPLEFRONT\.gradle\caches\modules-2\files-2.1\javax.activation\javax.activation-api\1.2.0\85262acf3ca9816f9537ca47d5adeabaead7cb16\javax.activation-api-1.2.0.jar;C:\Users\PURPLEFRONT\.gradle\caches\modules-2\files-2.1\com.amazonaws\aws-java-sdk-ec2instanceconnect\1.11.587\4e180011a7f535ee43534abc0f621a46158aa077\aws-java-sdk-ec2instanceconnect-1.11.587.jar;C:\Users\PURPLEFRONT\.gradle\caches\modules-2\files-2.1\com.amazonaws\aws-java-sdk-applicationinsights\1.11.587\748547832d90d270aeca9e4bedc599d4e9410dc7\aws-java-sdk-applicationinsights-1.11.587.jar;C:\Users\PURPLEFRONT\.gradle\caches\modules-2\files-2.1\com.a
Launcher Type: SUN_STANDARD

[Global flags]
     bool BytecodeVerificationLocal                = false                                     {product} {command line}
     bool BytecodeVerificationRemote               = false                                     {product} {command line}
     intx CICompilerCount                          = 3                                         {product} {ergonomic}
     uint ConcGCThreads                            = 1                                         {product} {ergonomic}
     uint G1ConcRefinementThreads                  = 4                                         {product} {ergonomic}
   size_t G1HeapRegionSize                         = 1048576                                   {product} {ergonomic}
    uintx GCDrainStackTargetSize                   = 64                                        {product} {ergonomic}
   size_t InitialHeapSize                          = 98566144                                  {product} {ergonomic}
     bool ManagementServer                         = true                                      {product} {command line}
   size_t MarkStackSize                            = 4194304                                   {product} {ergonomic}
   size_t MaxHeapSize                              = 1577058304                                {product} {ergonomic}
   size_t MaxNewSize                               = 945815552                                 {product} {ergonomic}
   size_t MinHeapDeltaBytes                        = 1048576                                   {product} {ergonomic}
    uintx NonNMethodCodeHeapSize                   = 6973028                                {pd product} {ergonomic}
    uintx NonProfiledCodeHeapSize                  = 244685212                              {pd product} {ergonomic}
    uintx ProfiledCodeHeapSize                     = 0                                      {pd product} {ergonomic}
    uintx ReservedCodeCacheSize                    = 251658240                              {pd product} {ergonomic}
     bool SegmentedCodeCache                       = true                                      {product} {ergonomic}
     intx TieredStopAtLevel                        = 1                                         {product} {command line}
     bool UseCompressedClassPointers               = true                                 {lp64_product} {ergonomic}
     bool UseCompressedOops                        = true                                 {lp64_product} {ergonomic}
     bool UseG1GC                                  = true                                      {product} {ergonomic}
     bool UseLargePagesIndividualAllocation        = false                                  {pd product} {ergonomic}

Logging:
Log output configuration:
 #0: stdout all=warning uptime,level,tags
 #1: stderr all=off uptime,level,tags

Environment Variables:
PATH=C:/Program Files/Java/jdk-11.0.3/bin/server;C:/Program Files/Java/jdk-11.0.3/bin;C:\Windows\system32;C:\Windows;C:\Windows\System32\Wbem;C:\Windows\System32\WindowsPowerShell\v1.0\;C:\Windows\System32\OpenSSH\;C:\Windows\System32\cmd.exe;C:\Program Files (x86)\Intel\Intel(R) Management Engine Components\DAL;C:\Program Files\Intel\Intel(R) Management Engine Components\DAL;C:\Users\PURPLEFRONT\Downloads\spring-boot-cli-2.1.5.RELEASE-bin\spring-2.1.5.RELEASE\bin;C:\Program Files\Java\jdk-11.0.3\bin;C:\Gradle\gradle-5.5\bin;C:\Program Files\nodejs\;C:\Program Files\Git\cmd;C:\Program Files\TortoiseGit\bin;C:\Program Files\dotnet\;C:\Program Files\Microsoft SQL Server\130\Tools\Binn\;C:\Program Files\Microsoft SQL Server\Client SDK\ODBC\170\Tools\Binn\;C:\Users\PURPLEFRONT\AppData\Local\Microsoft\WindowsApps;C:\Windows\System32\cmd.exe;C:\Users\PURPLEFRONT\Downloads\spring-boot-cli-2.1.5.RELEASE-bin\spring-2.1.5.RELEASE\bin;C:\Program Files\Java\jdk-11.0.3\bin;C:\Gradle\gradle-5.5\bin;C:\Program Files\heroku\bin;C:\Users\PURPLEFRONT\AppData\Roaming\npm;C:\Users\PURPLEFRONT\AppData\Local\Programs\Microsoft VS Code\bin;D:\softwares\spring-tool-suite-3.9.8.RELEASE-e4.11.0-win32-x86_64\sts-bundle\sts-3.9.8.RELEASE;
USERNAME=PURPLEFRONT
OS=Windows_NT
PROCESSOR_IDENTIFIER=Intel64 Family 6 Model 142 Stepping 9, GenuineIntel



---------------  S Y S T E M  ---------------

OS: Windows 10 , 64 bit Build 17763 (10.0.17763.475)

CPU:total 4 (initial active 4) (2 cores per cpu, 2 threads per core) family 6 model 142 stepping 9, cmov, cx8, fxsr, mmx, sse, sse2, sse3, ssse3, sse4.1, sse4.2, popcnt, avx, avx2, aes, clmul, erms, 3dnowpref, lzcnt, ht, tsc, tscinvbit, bmi1, bmi2, adx, fma

Memory: 4k page, system-wide physical 6013M (892M free)
TotalPageFile size 11389M (AvailPageFile size 3475M)
current process WorkingSet (physical memory assigned to process): 80M, peak: 80M
current process commit charge ("private bytes"): 183M, peak: 183M

vm_info: Java HotSpot(TM) 64-Bit Server VM (11.0.3+12-LTS) for windows-amd64 JRE (11.0.3+12-LTS), built on Apr  2 2019 12:43:09 by "mach5one" with MS VC++ 15.5 (VS2017)

END.
